<?xml version="1.0" encoding="UTF-8"?>
<!-- Generated by org.testng.reporters.JUnitReportReporter -->
<testsuite skipped="0" hostname="SONY-VAIO" name="first.second" tests="1" failures="0" timestamp="14 May 2020 18:15:01 GMT" time="58.981" errors="0">
  <testcase name="testParameterWithXML" time="58.981" classname="first.second"/>
</testsuite> <!-- first.second -->
