<?xml version="1.0" encoding="UTF-8"?>
<!-- Generated by org.testng.reporters.JUnitReportReporter -->
<testsuite skipped="0" hostname="SONY-VAIO" name="first.first" tests="2" failures="0" timestamp="14 May 2020 18:15:01 GMT" time="0.026" errors="0">
  <testcase name="test2" time="0.005" classname="first.first"/>
  <testcase name="test1" time="0.021" classname="first.first"/>
</testsuite> <!-- first.first -->
